<?xml version="1.0" encoding="UTF-8" standalone="yes"?>
<testsuites name="All_TestCases" time="81" tests="2" failures="0" errors="0">
    <testsuite name="All_TestCases" tests="2" failures="0" errors="0" time="81" timestamp="2020-02-13 20:27:52" hostname="joko - 192.168.0.240" id="Test Suites/All_TestCases">
        <properties>
[...]
</properties>
        <testcase name="Test Cases/01.OpenVideo" classname="Test Cases/01.OpenVideo" status="PASSED">
            <system-out>2020-02-13 20:27:52 - [TEST_CASE][PASSED] - Test Cases/01.OpenVideo: Test Cases/01.OpenVideo

2020-02-13 20:27:52 - [TEST_STEP][PASSED] - ui.Open.app(): ui.Open.app is PASSED

2020-02-13 20:27:52 - [MESSAGE][INFO] - Open Apps

2020-02-13 20:27:54 - [MESSAGE][INFO] - Appium server started on port 53,563

2020-02-13 20:28:06 - [MESSAGE][PASSED] - Started app at: '/Users/joko/Documents/Project/Automation/Tenji/Tenji/APK/TenjiApp.apk'

2020-02-13 20:28:08 - [MESSAGE][PASSED] - Element 'Object Repository//Home/text_Header_Tenji' is present

2020-02-13 20:28:09 - [MESSAGE][PASSED] - Screenshot is taken
[[ATTACHMENT|/Users/joko/Documents/Project/Automation/Tenji/Tenji/Reports/20200213_202749/All_TestCases/20200213_202749/1581600488213.png]]

2020-02-13 20:28:09 - [MESSAGE][PASSED] - ui.Open.app is PASSED

2020-02-13 20:28:09 - [TEST_STEP][PASSED] - ui.VideoCheking.List(): ui.VideoCheking.List is PASSED

2020-02-13 20:28:09 - [MESSAGE][INFO] - Check video was loaded

2020-02-13 20:28:09 - [MESSAGE][PASSED] - Element 'Object Repository//Home/Video_List/TitleVideo_G12_Chemistry' is exist

2020-02-13 20:28:10 - [MESSAGE][PASSED] - Element 'Object Repository//Home/Video_List/TitlleVideo_G12_Japanese_Classics' is exist

2020-02-13 20:28:10 - [MESSAGE][PASSED] - Element 'Object Repository//Home/Video_List/TitleVideo_G12_English' is exist

2020-02-13 20:28:10 - [MESSAGE][PASSED] - Element 'Object Repository//Home/Video_List/TitleVideo_G12_Math' is exist

2020-02-13 20:28:10 - [MESSAGE][PASSED] - Element 'Object Repository//Home/Video_List/TitleVideo_G12_JapaneseHistory' is exist

2020-02-13 20:28:11 - [MESSAGE][PASSED] - Screenshot is taken
[[ATTACHMENT|/Users/joko/Documents/Project/Automation/Tenji/Tenji/Reports/20200213_202749/All_TestCases/20200213_202749/1581600490874.png]]

2020-02-13 20:28:11 - [MESSAGE][INFO] - Click Video G12 Math

2020-02-13 20:28:14 - [MESSAGE][PASSED] - Tapped on element 'Object Repository//Home/Video_List/TitleVideo_G12_Math'

2020-02-13 20:28:14 - [MESSAGE][PASSED] - Element 'Object Repository//Home/Video_List/VideoContent/text_Header_G12_English' is present

2020-02-13 20:28:15 - [MESSAGE][PASSED] - Screenshot is taken
[[ATTACHMENT|/Users/joko/Documents/Project/Automation/Tenji/Tenji/Reports/20200213_202749/All_TestCases/20200213_202749/1581600494655.png]]

2020-02-13 20:28:15 - [MESSAGE][INFO] - Check Video was Loaded

2020-02-13 20:28:15 - [MESSAGE][PASSED] - Element 'Object Repository//Home/Video_List/VideoContent/seekbar' is present

2020-02-13 20:28:18 - [MESSAGE][PASSED] - Delayed 3 second(s)

2020-02-13 20:28:19 - [MESSAGE][PASSED] - Screenshot is taken
[[ATTACHMENT|/Users/joko/Documents/Project/Automation/Tenji/Tenji/Reports/20200213_202749/All_TestCases/20200213_202749/1581600498862.png]]

2020-02-13 20:28:19 - [MESSAGE][INFO] - Play Video

2020-02-13 20:28:25 - [MESSAGE][PASSED] - Tapped on element 'Object Repository//Home/Video_List/VideoContent/button_Play'

2020-02-13 20:28:35 - [MESSAGE][PASSED] - Delayed 10 second(s)

2020-02-13 20:28:36 - [MESSAGE][PASSED] - Screenshot is taken
[[ATTACHMENT|/Users/joko/Documents/Project/Automation/Tenji/Tenji/Reports/20200213_202749/All_TestCases/20200213_202749/1581600515684.png]]

2020-02-13 20:28:36 - [MESSAGE][PASSED] - ui.VideoCheking.List is PASSED</system-out>
            <system-err></system-err>
        </testcase>
        <testcase name="Test Cases/02.Search" classname="Test Cases/02.Search" status="PASSED">
            <system-out>2020-02-13 20:28:36 - [TEST_CASE][PASSED] - Test Cases/02.Search: Test Cases/02.Search

2020-02-13 20:28:36 - [TEST_STEP][PASSED] - ui.Open.app(): ui.Open.app is PASSED

2020-02-13 20:28:36 - [MESSAGE][INFO] - Open Apps

2020-02-13 20:28:47 - [MESSAGE][PASSED] - Started app at: '/Users/joko/Documents/Project/Automation/Tenji/Tenji/APK/TenjiApp.apk'

2020-02-13 20:28:48 - [MESSAGE][PASSED] - Element 'Object Repository//Home/text_Header_Tenji' is present

2020-02-13 20:28:49 - [MESSAGE][PASSED] - Screenshot is taken
[[ATTACHMENT|/Users/joko/Documents/Project/Automation/Tenji/Tenji/Reports/20200213_202749/All_TestCases/20200213_202749/1581600528988.png]]

2020-02-13 20:28:49 - [MESSAGE][PASSED] - ui.Open.app is PASSED

2020-02-13 20:28:49 - [TEST_STEP][PASSED] - ui.search.itb(): ui.search.itb is PASSED

2020-02-13 20:28:49 - [MESSAGE][INFO] - Click More

2020-02-13 20:28:52 - [MESSAGE][PASSED] - Tapped on element 'Object Repository//Home/button_MoreOption'

2020-02-13 20:28:52 - [MESSAGE][PASSED] - Element 'Object Repository//Home/button_CampusSearch' is present

2020-02-13 20:28:53 - [MESSAGE][PASSED] - Screenshot is taken
[[ATTACHMENT|/Users/joko/Documents/Project/Automation/Tenji/Tenji/Reports/20200213_202749/All_TestCases/20200213_202749/1581600532213.png]]

2020-02-13 20:28:53 - [MESSAGE][INFO] - Click Search

2020-02-13 20:28:54 - [MESSAGE][PASSED] - Tapped on element 'Object Repository//Home/button_CampusSearch'

2020-02-13 20:28:59 - [MESSAGE][PASSED] - Element 'Object Repository//WebView/input_SearchKampus' is present

2020-02-13 20:29:01 - [MESSAGE][PASSED] - Screenshot is taken
[[ATTACHMENT|/Users/joko/Documents/Project/Automation/Tenji/Tenji/Reports/20200213_202749/All_TestCases/20200213_202749/1581600539937.png]]

2020-02-13 20:29:01 - [MESSAGE][INFO] - Type ITB

2020-02-13 20:29:03 - [MESSAGE][PASSED] - Tapped on element 'Object Repository//WebView/input_SearchKampus'

2020-02-13 20:29:05 - [MESSAGE][PASSED] - Text 'itb' has been set to element 'Object Repository//WebView/input_SearchKampus'

2020-02-13 20:29:06 - [MESSAGE][PASSED] - Keyboard is hidden

2020-02-13 20:29:08 - [MESSAGE][PASSED] - Element 'Object Repository//WebView/sugest_ITB' is exist

2020-02-13 20:29:09 - [MESSAGE][PASSED] - Screenshot is taken
[[ATTACHMENT|/Users/joko/Documents/Project/Automation/Tenji/Tenji/Reports/20200213_202749/All_TestCases/20200213_202749/1581600548302.png]]

2020-02-13 20:29:09 - [MESSAGE][INFO] - Search ITB

2020-02-13 20:29:11 - [MESSAGE][PASSED] - Tapped on element 'Object Repository//WebView/sugest_ITB'

2020-02-13 20:29:11 - [MESSAGE][INFO] - Check Web was loaded

2020-02-13 20:29:12 - [MESSAGE][PASSED] - Element 'Object Repository//WebView/Header_InstitutTeknologiBandung' is exist

2020-02-13 20:29:12 - [MESSAGE][PASSED] - Element 'Object Repository//WebView/Header_InstitutTeknologiBandung' is exist

2020-02-13 20:29:13 - [MESSAGE][PASSED] - Scrolling to text 'Institut Teknologi Bandung (ITB)' successfully

2020-02-13 20:29:13 - [MESSAGE][PASSED] - Screenshot is taken
[[ATTACHMENT|/Users/joko/Documents/Project/Automation/Tenji/Tenji/Reports/20200213_202749/All_TestCases/20200213_202749/1581600553218.png]]

2020-02-13 20:29:13 - [MESSAGE][PASSED] - ui.search.itb is PASSED</system-out>
            <system-err></system-err>
        </testcase>
        <system-out>2020-02-13 20:27:52 - [TEST_SUITE][INCOMPLETE] - All_TestCases: null</system-out>
        <system-err>2020-02-13 20:27:52 - [TEST_SUITE][INCOMPLETE] - All_TestCases: null</system-err>
    </testsuite>
</testsuites>
