<?xml version="1.0" encoding="UTF-8" standalone="yes"?>
<testsuites name="All_TestCases" time="81" tests="2" failures="0" errors="0">
    <testsuite name="All_TestCases" tests="2" failures="0" errors="0" time="81" timestamp="2020-02-13 20:19:14" hostname="joko - 192.168.0.240" id="Test Suites/All_TestCases">
        <properties>
[...]
</properties>
        <testcase name="Test Cases/01.OpenVideo" classname="Test Cases/01.OpenVideo" status="PASSED">
            <system-out>2020-02-13 20:19:14 - [TEST_CASE][PASSED] - Test Cases/01.OpenVideo: Test Cases/01.OpenVideo

2020-02-13 20:19:15 - [TEST_STEP][PASSED] - ui.Open.app(): ui.Open.app is PASSED

2020-02-13 20:19:15 - [MESSAGE][INFO] - Open Apps

2020-02-13 20:19:16 - [MESSAGE][INFO] - Appium server started on port 52,642

2020-02-13 20:19:27 - [MESSAGE][PASSED] - Started app at: '/Users/joko/Documents/Project/Automation/Tenji/Tenji/APK/TenjiApp.apk'

2020-02-13 20:19:29 - [MESSAGE][PASSED] - Element 'Object Repository//Home/text_Header_Tenji' is present

2020-02-13 20:19:30 - [MESSAGE][PASSED] - Screenshot is taken
[[ATTACHMENT|/Users/joko/Documents/Project/Automation/Tenji/Tenji/Reports/20200213_201911/All_TestCases/20200213_201911/1581599969207.png]]

2020-02-13 20:19:30 - [MESSAGE][PASSED] - ui.Open.app is PASSED

2020-02-13 20:19:30 - [TEST_STEP][PASSED] - ui.VideoCheking.List(): ui.VideoCheking.List is PASSED

2020-02-13 20:19:30 - [MESSAGE][INFO] - Check video was loaded

2020-02-13 20:19:30 - [MESSAGE][PASSED] - Element 'Object Repository//Home/Video_List/TitleVideo_G12_Chemistry' is exist

2020-02-13 20:19:30 - [MESSAGE][PASSED] - Element 'Object Repository//Home/Video_List/TitlleVideo_G12_Japanese_Classics' is exist

2020-02-13 20:19:31 - [MESSAGE][PASSED] - Element 'Object Repository//Home/Video_List/TitleVideo_G12_English' is exist

2020-02-13 20:19:32 - [MESSAGE][PASSED] - Element 'Object Repository//Home/Video_List/TitleVideo_G12_Math' is exist

2020-02-13 20:19:33 - [MESSAGE][PASSED] - Element 'Object Repository//Home/Video_List/TitleVideo_G12_JapaneseHistory' is exist

2020-02-13 20:19:33 - [MESSAGE][PASSED] - Screenshot is taken
[[ATTACHMENT|/Users/joko/Documents/Project/Automation/Tenji/Tenji/Reports/20200213_201911/All_TestCases/20200213_201911/1581599973015.png]]

2020-02-13 20:19:33 - [MESSAGE][INFO] - Click Video G12 Math

2020-02-13 20:19:35 - [MESSAGE][PASSED] - Tapped on element 'Object Repository//Home/Video_List/TitleVideo_G12_Math'

2020-02-13 20:19:36 - [MESSAGE][PASSED] - Element 'Object Repository//Home/Video_List/VideoContent/text_Header_G12_English' is present

2020-02-13 20:19:37 - [MESSAGE][PASSED] - Screenshot is taken
[[ATTACHMENT|/Users/joko/Documents/Project/Automation/Tenji/Tenji/Reports/20200213_201911/All_TestCases/20200213_201911/1581599976667.png]]

2020-02-13 20:19:37 - [MESSAGE][INFO] - Check Video was Loaded

2020-02-13 20:19:37 - [MESSAGE][PASSED] - Element 'Object Repository//Home/Video_List/VideoContent/seekbar' is present

2020-02-13 20:19:40 - [MESSAGE][PASSED] - Delayed 3 second(s)

2020-02-13 20:19:41 - [MESSAGE][PASSED] - Screenshot is taken
[[ATTACHMENT|/Users/joko/Documents/Project/Automation/Tenji/Tenji/Reports/20200213_201911/All_TestCases/20200213_201911/1581599980816.png]]

2020-02-13 20:19:41 - [MESSAGE][INFO] - Play Video

2020-02-13 20:19:48 - [MESSAGE][PASSED] - Tapped on element 'Object Repository//Home/Video_List/VideoContent/button_Play'

2020-02-13 20:19:58 - [MESSAGE][PASSED] - Delayed 10 second(s)

2020-02-13 20:19:59 - [MESSAGE][PASSED] - Screenshot is taken
[[ATTACHMENT|/Users/joko/Documents/Project/Automation/Tenji/Tenji/Reports/20200213_201911/All_TestCases/20200213_201911/1581599998419.png]]

2020-02-13 20:19:59 - [MESSAGE][PASSED] - ui.VideoCheking.List is PASSED</system-out>
            <system-err></system-err>
        </testcase>
        <testcase name="Test Cases/02.Search" classname="Test Cases/02.Search" status="PASSED">
            <system-out>2020-02-13 20:19:59 - [TEST_CASE][PASSED] - Test Cases/02.Search: Test Cases/02.Search

2020-02-13 20:19:59 - [TEST_STEP][PASSED] - ui.Open.app(): ui.Open.app is PASSED

2020-02-13 20:19:59 - [MESSAGE][INFO] - Open Apps

2020-02-13 20:20:10 - [MESSAGE][PASSED] - Started app at: '/Users/joko/Documents/Project/Automation/Tenji/Tenji/APK/TenjiApp.apk'

2020-02-13 20:20:11 - [MESSAGE][PASSED] - Element 'Object Repository//Home/text_Header_Tenji' is present

2020-02-13 20:20:13 - [MESSAGE][PASSED] - Screenshot is taken
[[ATTACHMENT|/Users/joko/Documents/Project/Automation/Tenji/Tenji/Reports/20200213_201911/All_TestCases/20200213_201911/1581600011980.png]]

2020-02-13 20:20:13 - [MESSAGE][PASSED] - ui.Open.app is PASSED

2020-02-13 20:20:13 - [TEST_STEP][PASSED] - ui.search.itb(): ui.search.itb is PASSED

2020-02-13 20:20:13 - [MESSAGE][INFO] - Click More

2020-02-13 20:20:15 - [MESSAGE][PASSED] - Tapped on element 'Object Repository//Home/button_MoreOption'

2020-02-13 20:20:15 - [MESSAGE][PASSED] - Element 'Object Repository//Home/button_CampusSearch' is present

2020-02-13 20:20:16 - [MESSAGE][PASSED] - Screenshot is taken
[[ATTACHMENT|/Users/joko/Documents/Project/Automation/Tenji/Tenji/Reports/20200213_201911/All_TestCases/20200213_201911/1581600015836.png]]

2020-02-13 20:20:16 - [MESSAGE][INFO] - Click Search

2020-02-13 20:20:18 - [MESSAGE][PASSED] - Tapped on element 'Object Repository//Home/button_CampusSearch'

2020-02-13 20:20:24 - [MESSAGE][PASSED] - Element 'Object Repository//WebView/input_SearchKampus' is present

2020-02-13 20:20:25 - [MESSAGE][PASSED] - Screenshot is taken
[[ATTACHMENT|/Users/joko/Documents/Project/Automation/Tenji/Tenji/Reports/20200213_201911/All_TestCases/20200213_201911/1581600024435.png]]

2020-02-13 20:20:25 - [MESSAGE][INFO] - Type ITB

2020-02-13 20:20:28 - [MESSAGE][PASSED] - Tapped on element 'Object Repository//WebView/input_SearchKampus'

2020-02-13 20:20:29 - [MESSAGE][PASSED] - Text 'itb' has been set to element 'Object Repository//WebView/input_SearchKampus'

2020-02-13 20:20:30 - [MESSAGE][PASSED] - Keyboard is hidden

2020-02-13 20:20:31 - [MESSAGE][PASSED] - Element 'Object Repository//WebView/sugest_ITB' is exist

2020-02-13 20:20:32 - [MESSAGE][PASSED] - Screenshot is taken
[[ATTACHMENT|/Users/joko/Documents/Project/Automation/Tenji/Tenji/Reports/20200213_201911/All_TestCases/20200213_201911/1581600031356.png]]

2020-02-13 20:20:32 - [MESSAGE][INFO] - Search ITB

2020-02-13 20:20:34 - [MESSAGE][PASSED] - Tapped on element 'Object Repository//WebView/sugest_ITB'

2020-02-13 20:20:34 - [MESSAGE][INFO] - Check Web was loaded

2020-02-13 20:20:35 - [MESSAGE][PASSED] - Element 'Object Repository//WebView/Header_InstitutTeknologiBandung' is exist

2020-02-13 20:20:36 - [MESSAGE][PASSED] - Screenshot is taken
[[ATTACHMENT|/Users/joko/Documents/Project/Automation/Tenji/Tenji/Reports/20200213_201911/All_TestCases/20200213_201911/1581600035259.png]]

2020-02-13 20:20:36 - [MESSAGE][PASSED] - ui.search.itb is PASSED</system-out>
            <system-err></system-err>
        </testcase>
        <system-out>2020-02-13 20:19:14 - [TEST_SUITE][INCOMPLETE] - All_TestCases: null</system-out>
        <system-err>2020-02-13 20:19:14 - [TEST_SUITE][INCOMPLETE] - All_TestCases: null</system-err>
    </testsuite>
</testsuites>
