<?xml version="1.0" encoding="UTF-8" standalone="yes"?>
<testsuites name="All_TestCases" time="91" tests="2" failures="0" errors="0">
    <testsuite name="All_TestCases" tests="2" failures="0" errors="0" time="91" timestamp="2020-02-13 20:15:58" hostname="joko - 192.168.0.240" id="Test Suites/All_TestCases">
        <properties>
[...]
</properties>
        <testcase name="Test Cases/01.OpenVideo" classname="Test Cases/01.OpenVideo" status="PASSED">
            <system-out>2020-02-13 20:15:58 - [TEST_CASE][PASSED] - Test Cases/01.OpenVideo: Test Cases/01.OpenVideo

2020-02-13 20:15:58 - [TEST_STEP][PASSED] - ui.Open.app(): ui.Open.app is PASSED

2020-02-13 20:15:58 - [MESSAGE][INFO] - Open Apps

2020-02-13 20:16:00 - [MESSAGE][INFO] - Appium server started on port 52,233

2020-02-13 20:16:18 - [MESSAGE][PASSED] - Started app at: '/Users/joko/Documents/Project/Automation/Tenji/Tenji/APK/TenjiApp.apk'

2020-02-13 20:16:20 - [MESSAGE][PASSED] - Element 'Object Repository//Home/text_Header_Tenji' is present

2020-02-13 20:16:21 - [MESSAGE][PASSED] - Screenshot is taken
[[ATTACHMENT|/Users/joko/Documents/Project/Automation/Tenji/Tenji/Reports/20200213_201555/All_TestCases/20200213_201555/1581599780167.png]]

2020-02-13 20:16:21 - [MESSAGE][PASSED] - ui.Open.app is PASSED

2020-02-13 20:16:21 - [TEST_STEP][PASSED] - ui.VideoCheking.List(): ui.VideoCheking.List is PASSED

2020-02-13 20:16:21 - [MESSAGE][INFO] - Check video was loaded

2020-02-13 20:16:21 - [MESSAGE][PASSED] - Element 'Object Repository//Home/Video_List/TitleVideo_G12_Chemistry' is exist

2020-02-13 20:16:22 - [MESSAGE][PASSED] - Element 'Object Repository//Home/Video_List/TitlleVideo_G12_Japanese_Classics' is exist

2020-02-13 20:16:22 - [MESSAGE][PASSED] - Element 'Object Repository//Home/Video_List/TitleVideo_G12_English' is exist

2020-02-13 20:16:22 - [MESSAGE][PASSED] - Element 'Object Repository//Home/Video_List/TitleVideo_G12_Math' is exist

2020-02-13 20:16:23 - [MESSAGE][PASSED] - Element 'Object Repository//Home/Video_List/TitleVideo_G12_JapaneseHistory' is exist

2020-02-13 20:16:24 - [MESSAGE][PASSED] - Screenshot is taken
[[ATTACHMENT|/Users/joko/Documents/Project/Automation/Tenji/Tenji/Reports/20200213_201555/All_TestCases/20200213_201555/1581599783141.png]]

2020-02-13 20:16:24 - [MESSAGE][INFO] - Click Video G12 Math

2020-02-13 20:16:26 - [MESSAGE][PASSED] - Tapped on element 'Object Repository//Home/Video_List/TitleVideo_G12_Math'

2020-02-13 20:16:26 - [MESSAGE][PASSED] - Element 'Object Repository//Home/Video_List/VideoContent/text_Header_G12_English' is present

2020-02-13 20:16:27 - [MESSAGE][PASSED] - Screenshot is taken
[[ATTACHMENT|/Users/joko/Documents/Project/Automation/Tenji/Tenji/Reports/20200213_201555/All_TestCases/20200213_201555/1581599786515.png]]

2020-02-13 20:16:27 - [MESSAGE][INFO] - Check Video was Loaded

2020-02-13 20:16:27 - [MESSAGE][PASSED] - Element 'Object Repository//Home/Video_List/VideoContent/seekbar' is present

2020-02-13 20:16:30 - [MESSAGE][PASSED] - Delayed 3 second(s)

2020-02-13 20:16:31 - [MESSAGE][PASSED] - Screenshot is taken
[[ATTACHMENT|/Users/joko/Documents/Project/Automation/Tenji/Tenji/Reports/20200213_201555/All_TestCases/20200213_201555/1581599790472.png]]

2020-02-13 20:16:31 - [MESSAGE][INFO] - Play Video

2020-02-13 20:16:37 - [MESSAGE][PASSED] - Tapped on element 'Object Repository//Home/Video_List/VideoContent/button_Play'

2020-02-13 20:16:47 - [MESSAGE][PASSED] - Delayed 10 second(s)

2020-02-13 20:16:48 - [MESSAGE][PASSED] - Screenshot is taken
[[ATTACHMENT|/Users/joko/Documents/Project/Automation/Tenji/Tenji/Reports/20200213_201555/All_TestCases/20200213_201555/1581599807324.png]]

2020-02-13 20:16:48 - [MESSAGE][PASSED] - ui.VideoCheking.List is PASSED</system-out>
            <system-err></system-err>
        </testcase>
        <testcase name="Test Cases/02_SearchITB" classname="Test Cases/02_SearchITB" status="PASSED">
            <system-out>2020-02-13 20:16:48 - [TEST_CASE][PASSED] - Test Cases/02_SearchITB: Test Cases/02_SearchITB

2020-02-13 20:16:48 - [TEST_STEP][PASSED] - logInfo("Open Apps"): Open Apps

2020-02-13 20:16:48 - [MESSAGE][INFO] - Open Apps

2020-02-13 20:16:48 - [TEST_STEP][PASSED] - startApplication(apk, false): Started app at: '/Users/joko/Documents/Project/Automation/Tenji/Tenji/APK/TenjiApp.apk'

2020-02-13 20:16:57 - [MESSAGE][PASSED] - Started app at: '/Users/joko/Documents/Project/Automation/Tenji/Tenji/APK/TenjiApp.apk'

2020-02-13 20:16:57 - [TEST_STEP][PASSED] - waitForElementPresent(findTestObject("/Home/text_Header_Tenji"), 10): Element 'Object Repository//Home/text_Header_Tenji' is present

2020-02-13 20:17:01 - [MESSAGE][PASSED] - Element 'Object Repository//Home/text_Header_Tenji' is present

2020-02-13 20:17:01 - [TEST_STEP][PASSED] - takeScreenshot(): Screenshot is taken

2020-02-13 20:17:02 - [MESSAGE][PASSED] - Screenshot is taken
[[ATTACHMENT|/Users/joko/Documents/Project/Automation/Tenji/Tenji/Reports/20200213_201555/All_TestCases/20200213_201555/1581599821580.png]]

2020-02-13 20:17:02 - [TEST_STEP][PASSED] - logInfo("Click More"): Click More

2020-02-13 20:17:02 - [MESSAGE][INFO] - Click More

2020-02-13 20:17:02 - [TEST_STEP][PASSED] - tap(findTestObject("/Home/button_MoreOption"), 10): Tapped on element 'Object Repository//Home/button_MoreOption'

2020-02-13 20:17:05 - [MESSAGE][PASSED] - Tapped on element 'Object Repository//Home/button_MoreOption'

2020-02-13 20:17:05 - [TEST_STEP][PASSED] - waitForElementPresent(findTestObject("/Home/button_CampusSearch"), 10): Element 'Object Repository//Home/button_CampusSearch' is present

2020-02-13 20:17:05 - [MESSAGE][PASSED] - Element 'Object Repository//Home/button_CampusSearch' is present

2020-02-13 20:17:05 - [TEST_STEP][PASSED] - takeScreenshot(): Screenshot is taken

2020-02-13 20:17:06 - [MESSAGE][PASSED] - Screenshot is taken
[[ATTACHMENT|/Users/joko/Documents/Project/Automation/Tenji/Tenji/Reports/20200213_201555/All_TestCases/20200213_201555/1581599825593.png]]

2020-02-13 20:17:06 - [TEST_STEP][PASSED] - logInfo("Click Search"): Click Search

2020-02-13 20:17:06 - [MESSAGE][INFO] - Click Search

2020-02-13 20:17:06 - [TEST_STEP][PASSED] - tap(findTestObject("/Home/button_CampusSearch"), 10): Tapped on element 'Object Repository//Home/button_CampusSearch'

2020-02-13 20:17:07 - [MESSAGE][PASSED] - Tapped on element 'Object Repository//Home/button_CampusSearch'

2020-02-13 20:17:07 - [TEST_STEP][PASSED] - waitForElementPresent(findTestObject("/WebView/input_SearchKampus"), 10): Element 'Object Repository//WebView/input_SearchKampus' is present

2020-02-13 20:17:16 - [MESSAGE][PASSED] - Element 'Object Repository//WebView/input_SearchKampus' is present

2020-02-13 20:17:16 - [TEST_STEP][PASSED] - takeScreenshot(): Screenshot is taken

2020-02-13 20:17:18 - [MESSAGE][PASSED] - Screenshot is taken
[[ATTACHMENT|/Users/joko/Documents/Project/Automation/Tenji/Tenji/Reports/20200213_201555/All_TestCases/20200213_201555/1581599836715.png]]

2020-02-13 20:17:18 - [TEST_STEP][PASSED] - logInfo("Type ITB"): Type ITB

2020-02-13 20:17:18 - [MESSAGE][INFO] - Type ITB

2020-02-13 20:17:18 - [TEST_STEP][PASSED] - tap(findTestObject("/WebView/input_SearchKampus"), 10): Tapped on element 'Object Repository//WebView/input_SearchKampus'

2020-02-13 20:17:21 - [MESSAGE][PASSED] - Tapped on element 'Object Repository//WebView/input_SearchKampus'

2020-02-13 20:17:21 - [TEST_STEP][PASSED] - setText(findTestObject("/WebView/input_SearchKampus"), "itb", 10): Text 'itb' has been set to element 'Object Repository//WebView/input_SearchKampus'

2020-02-13 20:17:23 - [MESSAGE][PASSED] - Text 'itb' has been set to element 'Object Repository//WebView/input_SearchKampus'

2020-02-13 20:17:23 - [TEST_STEP][PASSED] - hideKeyboard(): Keyboard is hidden

2020-02-13 20:17:23 - [MESSAGE][PASSED] - Keyboard is hidden

2020-02-13 20:17:23 - [TEST_STEP][PASSED] - verifyElementExist(findTestObject("/WebView/sugest_ITB"), 10): Element 'Object Repository//WebView/sugest_ITB' is exist

2020-02-13 20:17:25 - [MESSAGE][PASSED] - Element 'Object Repository//WebView/sugest_ITB' is exist

2020-02-13 20:17:25 - [TEST_STEP][PASSED] - takeScreenshot(): Screenshot is taken

2020-02-13 20:17:26 - [MESSAGE][PASSED] - Screenshot is taken
[[ATTACHMENT|/Users/joko/Documents/Project/Automation/Tenji/Tenji/Reports/20200213_201555/All_TestCases/20200213_201555/1581599845606.png]]

2020-02-13 20:17:26 - [TEST_STEP][PASSED] - logInfo("Search ITB"): Search ITB

2020-02-13 20:17:26 - [MESSAGE][INFO] - Search ITB

2020-02-13 20:17:26 - [TEST_STEP][PASSED] - tap(findTestObject("/WebView/sugest_ITB"), 10): Tapped on element 'Object Repository//WebView/sugest_ITB'

2020-02-13 20:17:28 - [MESSAGE][PASSED] - Tapped on element 'Object Repository//WebView/sugest_ITB'

2020-02-13 20:17:28 - [TEST_STEP][PASSED] - logInfo("Check Web was loaded"): Check Web was loaded

2020-02-13 20:17:28 - [MESSAGE][INFO] - Check Web was loaded

2020-02-13 20:17:28 - [TEST_STEP][PASSED] - verifyElementExist(findTestObject("/WebView/Header_InstitutTeknologiBandung"), 60): Element 'Object Repository//WebView/Header_InstitutTeknologiBandung' is exist

2020-02-13 20:17:28 - [MESSAGE][PASSED] - Element 'Object Repository//WebView/Header_InstitutTeknologiBandung' is exist

2020-02-13 20:17:28 - [TEST_STEP][PASSED] - takeScreenshot(): Screenshot is taken

2020-02-13 20:17:29 - [MESSAGE][PASSED] - Screenshot is taken
[[ATTACHMENT|/Users/joko/Documents/Project/Automation/Tenji/Tenji/Reports/20200213_201555/All_TestCases/20200213_201555/1581599848959.png]]</system-out>
            <system-err></system-err>
        </testcase>
        <system-out>2020-02-13 20:15:58 - [TEST_SUITE][INCOMPLETE] - All_TestCases: null</system-out>
        <system-err>2020-02-13 20:15:58 - [TEST_SUITE][INCOMPLETE] - All_TestCases: null</system-err>
    </testsuite>
</testsuites>
